14.4600866492365
11.993223638428
6.05639477865192
7.12866510093167
8.46316472222405
8.62342163809791
12.4175266360508
10.8097349521968
7.8790407654714
7.48752360582239
9.08092222475308
6.89882139570702
5.29627612827959
8.47054552105436
13.9604350979843
7.18937026907352
14.425270088608
9.02413216651291
4.93215883972643
7.08404514561343
10.3329202959928
13.4781822623832
13.806069942624
10.6460224769706
11.0349548925321
11.6252160507536
6.11769273245706
14.6339166180719
14.0720187322855
8.80337930459422
10.2494365695872
5.52777625511058
7.2873777356504
7.30973640257355
5.48926275993394
14.9004412914263
12.2132991408584
10.3241836998762
5.83561729456012
10.7169885772078
9.88086499970125
4.31513168592801
13.8769594578453
13.6729947468732
4.05277545892692
10.0177791025514
8.56406924949756
8.61537360278717
15.3366909224617
14.5985530505658
13.2434722053048
12.2205727056549
7.80144185269658
5.80683488921574
13.4581223255476
5.91440785048624
7.96109549153896
9.21665118105125
14.7117761783964
10.6737436724543
11.6210039137669
4.71330080500178
6.03861758838794
10.7080624892766
12.3416613164327
6.00713240237803
10.6594963972244
11.6216703959275
8.35406404864987
11.1705992844025
15.5179703456625
8.73533833354307
14.7753883460572
10.194520565612
9.7880299211579
10.7175351073135
9.98477180359156
12.731886345093
5.68328579620443
8.14554787795751
10.0218990489091
12.1167799870012
7.66435099695481
6.37867224805731
8.79954361688372
9.17377070318759
5.46449894073415
5.15975745808535
12.6463004230697
13.2186734639897
4.69826771445538
4.33568114738361
6.02605024085334
6.13159950837047
9.08585418371941
10.3572713726618
11.9623229532286
13.7819481415737
6.85774247453095
14.82775986076
